Arguments: 
  /usr/bin/node /usr/bin/yarn add babel-cli babel-preset-env babel-preset-stage-3

PATH: 
  /usr/local/sbin:/usr/local/bin:/usr/bin:/usr/lib/jvm/default/bin:/usr/bin/site_perl:/usr/bin/vendor_perl:/usr/bin/core_perl

Yarn version: 
  1.3.2

Node version: 
  9.2.0

Platform: 
  linux x64

npm manifest: 
  {
    "name": "intn_sacdia",
    "version": "1.0.0",
    "description": "",
    "main": "index.js",
    "scripts": {
      "test": "echo \"Error: no test specified\" && exit 1"
    },
    "keywords": [],
    "author": "",
    "license": "ISC",
    "devDependencies": {
      "babel-cli": "^6.26.0",
      "babel-preset-env": "^1.6.1"
    },
    "dependencies": {
      "babel-preset-stage-3": "^6.24.1"
    }
  }

yarn manifest: 
  No manifest

Lockfile: 
  No lockfile

Trace: 
  Error: EACCES: permission denied, mkdir '/home/abner/Proyectos/intn_sacdia/node_modules/babel-runtime/node_modules'
